[debug] [2024-02-14T18:33:25.852Z] ----------------------------------------------------------------------
[debug] [2024-02-14T18:33:25.855Z] Command:       /usr/local/Cellar/node/21.6.1/bin/node /usr/local/bin/firebase serve
[debug] [2024-02-14T18:33:25.856Z] CLI Version:   13.1.0
[debug] [2024-02-14T18:33:25.856Z] Platform:      darwin
[debug] [2024-02-14T18:33:25.857Z] Node Version:  v21.6.1
[debug] [2024-02-14T18:33:25.857Z] Time:          Wed Feb 14 2024 12:33:25 GMT-0600 (Central Standard Time)
[debug] [2024-02-14T18:33:25.857Z] ----------------------------------------------------------------------
[debug] 
[debug] [2024-02-14T18:33:25.968Z] > command requires scopes: ["email","openid","https://www.googleapis.com/auth/cloudplatformprojects.readonly","https://www.googleapis.com/auth/firebase","https://www.googleapis.com/auth/cloud-platform"]
[debug] [2024-02-14T18:33:25.968Z] > authorizing via signed-in user (dmcampbell2023@gmail.com)
[debug] [2024-02-14T18:33:25.968Z] [iam] checking project concert-masterlist for permissions ["firebase.projects.get"]
[debug] [2024-02-14T18:33:25.970Z] >>> [apiv2][query] POST https://cloudresourcemanager.googleapis.com/v1/projects/concert-masterlist:testIamPermissions [none]
[debug] [2024-02-14T18:33:25.970Z] >>> [apiv2][(partial)header] POST https://cloudresourcemanager.googleapis.com/v1/projects/concert-masterlist:testIamPermissions x-goog-quota-user=projects/concert-masterlist
[debug] [2024-02-14T18:33:25.971Z] >>> [apiv2][body] POST https://cloudresourcemanager.googleapis.com/v1/projects/concert-masterlist:testIamPermissions {"permissions":["firebase.projects.get"]}
[debug] [2024-02-14T18:33:26.212Z] <<< [apiv2][status] POST https://cloudresourcemanager.googleapis.com/v1/projects/concert-masterlist:testIamPermissions 200
[debug] [2024-02-14T18:33:26.213Z] <<< [apiv2][body] POST https://cloudresourcemanager.googleapis.com/v1/projects/concert-masterlist:testIamPermissions {"permissions":["firebase.projects.get"]}
[debug] [2024-02-14T18:33:26.213Z] >>> [apiv2][query] GET https://firebase.googleapis.com/v1beta1/projects/concert-masterlist [none]
[debug] [2024-02-14T18:33:26.400Z] <<< [apiv2][status] GET https://firebase.googleapis.com/v1beta1/projects/concert-masterlist 200
[debug] [2024-02-14T18:33:26.400Z] <<< [apiv2][body] GET https://firebase.googleapis.com/v1beta1/projects/concert-masterlist {"projectId":"concert-masterlist","projectNumber":"218982907449","displayName":"Concert-Masterlist","name":"projects/concert-masterlist","resources":{"hostingSite":"concert-masterlist"},"state":"ACTIVE","etag":"1_cecd0381-2395-46d0-afc2-bdcbc58c40b8"}
[info] 
[info] === Serving from '/Users/user/Documents/ConcertMasterlist'...
[info] 
[debug] [2024-02-14T18:33:26.404Z] >>> [apiv2][query] GET https://firebasehosting.googleapis.com/v1beta1/projects/concert-masterlist/sites 
[debug] [2024-02-14T18:33:26.882Z] <<< [apiv2][status] GET https://firebasehosting.googleapis.com/v1beta1/projects/concert-masterlist/sites 200
[debug] [2024-02-14T18:33:26.882Z] <<< [apiv2][body] GET https://firebasehosting.googleapis.com/v1beta1/projects/concert-masterlist/sites {"sites":[{"name":"projects/concert-masterlist/sites/concert-masterlist","defaultUrl":"https://concert-masterlist.web.app","appId":"1:218982907449:web:6518dec02f2eba63b857e8","type":"DEFAULT_SITE"}]}
[debug] [2024-02-14T18:33:26.883Z] >>> [apiv2][query] GET https://firebase.googleapis.com/v1beta1/projects/concert-masterlist/webApps/1:218982907449:web:6518dec02f2eba63b857e8/config [none]
[debug] [2024-02-14T18:33:27.189Z] <<< [apiv2][status] GET https://firebase.googleapis.com/v1beta1/projects/concert-masterlist/webApps/1:218982907449:web:6518dec02f2eba63b857e8/config 200
[debug] [2024-02-14T18:33:27.189Z] <<< [apiv2][body] GET https://firebase.googleapis.com/v1beta1/projects/concert-masterlist/webApps/1:218982907449:web:6518dec02f2eba63b857e8/config {"projectId":"concert-masterlist","appId":"1:218982907449:web:6518dec02f2eba63b857e8","storageBucket":"concert-masterlist.appspot.com","apiKey":"AIzaSyD_JxAwfkbNwozUeXTE1T-8JYb0GmxYFPs","authDomain":"concert-masterlist.firebaseapp.com","messagingSenderId":"218982907449","measurementId":"G-T1WM2T2GGD"}
[debug] [2024-02-14T18:33:27.215Z] >>> [apiv2][query] GET https://firebase.googleapis.com/v1beta1/projects/concert-masterlist [none]
[debug] [2024-02-14T18:33:27.318Z] <<< [apiv2][status] GET https://firebase.googleapis.com/v1beta1/projects/concert-masterlist 200
[debug] [2024-02-14T18:33:27.318Z] <<< [apiv2][body] GET https://firebase.googleapis.com/v1beta1/projects/concert-masterlist {"projectId":"concert-masterlist","projectNumber":"218982907449","displayName":"Concert-Masterlist","name":"projects/concert-masterlist","resources":{"hostingSite":"concert-masterlist"},"state":"ACTIVE","etag":"1_cecd0381-2395-46d0-afc2-bdcbc58c40b8"}
[info] i  hosting[concert-masterlist]: Serving hosting files from: public {"metadata":{"emulator":{"name":"hosting"},"message":"Serving hosting files from: \u001b[1mpublic\u001b[22m"}}
[info] ✔  hosting[concert-masterlist]: Local server: http://localhost:5000 {"metadata":{"emulator":{"name":"hosting"},"message":"Local server: \u001b[4m\u001b[1mhttp://localhost:5000\u001b[22m\u001b[24m"}}
